DEPRECATION WARNING: ActiveRecord::Base.raise_in_transactional_callbacks= is deprecated, has no effect and will be removed without replacement. (called from <top (required)> at /Users/appacademy/Desktop/app-academy/curriculum/html-css/projects/aa_times/skeleton/config/environment.rb:5)
DEPRECATION WARNING: Passing #original_exception is deprecated and has no effect. Exceptions will automatically capture the original exception. (called from require at /Users/appacademy/Desktop/app-academy/curriculum/html-css/projects/aa_times/skeleton/bin/rails:9)
DEPRECATION WARNING: ActiveRecord::Base.raise_in_transactional_callbacks= is deprecated, has no effect and will be removed without replacement. (called from require at /Users/appacademy/Desktop/app-academy/curriculum/html-css/projects/aa_times/skeleton/bin/rails:9)
  [1m[35m (6.2ms)[0m  [1m[35mCREATE TABLE "schema_migrations" ("version" varchar NOT NULL PRIMARY KEY)[0m
  [1m[35m (2.7ms)[0m  [1m[35mCREATE TABLE "ar_internal_metadata" ("key" varchar NOT NULL PRIMARY KEY, "value" varchar, "created_at" datetime NOT NULL, "updated_at" datetime NOT NULL)[0m
  [1m[36mActiveRecord::InternalMetadata Load (0.3ms)[0m  [1m[34mSELECT  "ar_internal_metadata".* FROM "ar_internal_metadata" WHERE "ar_internal_metadata"."key" = ? LIMIT ?[0m  [["key", "environment"], ["LIMIT", 1]]
  [1m[35m (0.1ms)[0m  [1m[36mbegin transaction[0m
  [1m[35mSQL (0.5ms)[0m  [1m[32mINSERT INTO "ar_internal_metadata" ("key", "value", "created_at", "updated_at") VALUES (?, ?, ?, ?)[0m  [["key", "environment"], ["value", "development"], ["created_at", "2018-05-08 13:28:35.437337"], ["updated_at", "2018-05-08 13:28:35.437337"]]
  [1m[35m (2.2ms)[0m  [1m[36mcommit transaction[0m
  [1m[36mActiveRecord::SchemaMigration Load (0.1ms)[0m  [1m[34mSELECT "schema_migrations".* FROM "schema_migrations"[0m
Started GET "/" for ::1 at 2018-05-08 09:29:10 -0400
DEPRECATION WARNING: ActiveRecord::Base.raise_in_transactional_callbacks= is deprecated, has no effect and will be removed without replacement. (called from block (3 levels) in <class:Railtie> at /usr/local/var/rbenv/versions/2.3.1/lib/ruby/gems/2.3.0/gems/activerecord-5.0.7/lib/active_record/railtie.rb:113)
Processing by StaticPagesController#index as HTML
  Rendering static_pages/index.html.erb within layouts/application
  Rendered shared/_main_nav.html.erb (0.7ms)
  Rendered shared/_masthead.html.erb (0.5ms)
  Rendered shared/_sections_nav.html.erb (0.9ms)
  Rendered shared/_search_modal.html.erb (0.5ms)
  Rendered shared/_main_content.html.erb (0.4ms)
  Rendered static_pages/index.html.erb within layouts/application (32.0ms)
Completed 200 OK in 817ms (Views: 810.1ms | ActiveRecord: 0.0ms)


Started GET "/assets/components/dropdown.self-815016af6fab1d5b72abd319213bf62f0c42bab2c585d2e059543ae704a0d74c.js?body=1" for ::1 at 2018-05-08 09:29:11 -0400
Started GET "/assets/components/modal.self-52188644dbb47def5ee35ae02e69eb567ca9b664472357a8a5789dd39032a265.js?body=1" for ::1 at 2018-05-08 09:29:11 -0400
Started GET "/assets/components/sidebar.self-2a1277f850a6fa21e1a974ef5152f177ac05516477d5081d593bb137b3d6808b.js?body=1" for ::1 at 2018-05-08 09:29:11 -0400
Started GET "/assets/application.self-f571b9db02bf4ed04c38a6a29072ac382f7d4f47db1fab9817aeadb0d8665235.js?body=1" for ::1 at 2018-05-08 09:29:11 -0400
Started GET "/assets/application.self-b663423749731f7aefc12aab04903643ffbbfafb45fcfb66496adb852614caef.css?body=1" for ::1 at 2018-05-08 09:29:11 -0400
Started GET "/users/new" for ::1 at 2018-11-19 11:16:47 -0800
DEPRECATION WARNING: ActiveRecord::Base.raise_in_transactional_callbacks= is deprecated, has no effect and will be removed without replacement. (called from block (3 levels) in <class:Railtie> at /usr/local/var/rbenv/versions/2.5.0/lib/ruby/gems/2.5.0/gems/activerecord-5.0.7/lib/active_record/railtie.rb:113)
  
ActionController::RoutingError (No route matches [GET] "/users/new"):
  
actionpack (5.0.7) lib/action_dispatch/middleware/debug_exceptions.rb:53:in `call'
web-console (3.6.2) lib/web_console/middleware.rb:135:in `call_app'
web-console (3.6.2) lib/web_console/middleware.rb:30:in `block in call'
web-console (3.6.2) lib/web_console/middleware.rb:20:in `catch'
web-console (3.6.2) lib/web_console/middleware.rb:20:in `call'
actionpack (5.0.7) lib/action_dispatch/middleware/show_exceptions.rb:31:in `call'
railties (5.0.7) lib/rails/rack/logger.rb:36:in `call_app'
railties (5.0.7) lib/rails/rack/logger.rb:24:in `block in call'
activesupport (5.0.7) lib/active_support/tagged_logging.rb:69:in `block in tagged'
activesupport (5.0.7) lib/active_support/tagged_logging.rb:26:in `tagged'
activesupport (5.0.7) lib/active_support/tagged_logging.rb:69:in `tagged'
railties (5.0.7) lib/rails/rack/logger.rb:24:in `call'
actionpack (5.0.7) lib/action_dispatch/middleware/request_id.rb:24:in `call'
rack (2.0.5) lib/rack/method_override.rb:22:in `call'
rack (2.0.5) lib/rack/runtime.rb:22:in `call'
activesupport (5.0.7) lib/active_support/cache/strategy/local_cache_middleware.rb:28:in `call'
actionpack (5.0.7) lib/action_dispatch/middleware/executor.rb:12:in `call'
rack-livereload (0.3.17) lib/rack/livereload.rb:23:in `_call'
rack-livereload (0.3.17) lib/rack/livereload.rb:14:in `call'
actionpack (5.0.7) lib/action_dispatch/middleware/static.rb:136:in `call'
rack (2.0.5) lib/rack/sendfile.rb:111:in `call'
railties (5.0.7) lib/rails/engine.rb:522:in `call'
puma (3.11.4) lib/puma/configuration.rb:225:in `call'
puma (3.11.4) lib/puma/server.rb:632:in `handle_request'
puma (3.11.4) lib/puma/server.rb:446:in `process_client'
puma (3.11.4) lib/puma/server.rb:306:in `block in run'
puma (3.11.4) lib/puma/thread_pool.rb:120:in `block in spawn_thread'
  Rendering /usr/local/var/rbenv/versions/2.5.0/lib/ruby/gems/2.5.0/gems/actionpack-5.0.7/lib/action_dispatch/middleware/templates/rescues/routing_error.html.erb within rescues/layout
  Rendering /usr/local/var/rbenv/versions/2.5.0/lib/ruby/gems/2.5.0/gems/actionpack-5.0.7/lib/action_dispatch/middleware/templates/rescues/_trace.html.erb
  Rendered /usr/local/var/rbenv/versions/2.5.0/lib/ruby/gems/2.5.0/gems/actionpack-5.0.7/lib/action_dispatch/middleware/templates/rescues/_trace.html.erb (1.3ms)
  Rendered collection of /usr/local/var/rbenv/versions/2.5.0/lib/ruby/gems/2.5.0/gems/actionpack-5.0.7/lib/action_dispatch/middleware/templates/routes/_route.html.erb [1 times] (50.6ms)
  Rendered /usr/local/var/rbenv/versions/2.5.0/lib/ruby/gems/2.5.0/gems/actionpack-5.0.7/lib/action_dispatch/middleware/templates/routes/_table.html.erb (7.0ms)
  Rendering /usr/local/var/rbenv/versions/2.5.0/lib/ruby/gems/2.5.0/gems/actionpack-5.0.7/lib/action_dispatch/middleware/templates/rescues/_request_and_response.html.erb
  Rendered /usr/local/var/rbenv/versions/2.5.0/lib/ruby/gems/2.5.0/gems/actionpack-5.0.7/lib/action_dispatch/middleware/templates/rescues/_request_and_response.html.erb (12.8ms)
  Rendered /usr/local/var/rbenv/versions/2.5.0/lib/ruby/gems/2.5.0/gems/actionpack-5.0.7/lib/action_dispatch/middleware/templates/rescues/routing_error.html.erb within rescues/layout (251.0ms)
Started GET "/" for ::1 at 2018-11-19 11:16:49 -0800
Processing by StaticPagesController#index as HTML
  Rendering static_pages/index.html.erb within layouts/application
  Rendered shared/_main_nav.html.erb (0.4ms)
  Rendered shared/_masthead.html.erb (1.1ms)
  Rendered shared/_sections_nav.html.erb (1.1ms)
  Rendered shared/_search_modal.html.erb (0.5ms)
  Rendered shared/_main_content.html.erb (0.5ms)
  Rendered static_pages/index.html.erb within layouts/application (22.6ms)
Completed 200 OK in 662ms (Views: 658.2ms | ActiveRecord: 0.0ms)


Started GET "/assets/jquery.self-bd7ddd393353a8d2480a622e80342adf488fb6006d667e8b42e4c0073393abee.js?body=1" for ::1 at 2018-11-19 11:16:50 -0800
Started GET "/assets/jquery_ujs.self-784a997f6726036b1993eb2217c9cb558e1cbb801c6da88105588c56f13b466a.js?body=1" for ::1 at 2018-11-19 11:16:50 -0800
Started GET "/assets/components/dropdown.self-815016af6fab1d5b72abd319213bf62f0c42bab2c585d2e059543ae704a0d74c.js?body=1" for ::1 at 2018-11-19 11:16:50 -0800
Started GET "/assets/components/sidebar.self-2a1277f850a6fa21e1a974ef5152f177ac05516477d5081d593bb137b3d6808b.js?body=1" for ::1 at 2018-11-19 11:16:50 -0800
Started GET "/assets/application.self-b669685521e7bbb976dd44d1bb8734f919d93ea75f3749c1cd6eda4f2b563613.css?body=1" for ::1 at 2018-11-19 11:16:50 -0800
Started GET "/assets/application.self-f571b9db02bf4ed04c38a6a29072ac382f7d4f47db1fab9817aeadb0d8665235.js?body=1" for ::1 at 2018-11-19 11:16:50 -0800
Started GET "/assets/components/modal.self-52188644dbb47def5ee35ae02e69eb567ca9b664472357a8a5789dd39032a265.js?body=1" for ::1 at 2018-11-19 11:16:50 -0800
Started GET "/assets/application.self-b669685521e7bbb976dd44d1bb8734f919d93ea75f3749c1cd6eda4f2b563613.css?body=1&livereload=1542655235521" for ::1 at 2018-11-19 11:20:35 -0800
Started GET "/assets/application.self-b669685521e7bbb976dd44d1bb8734f919d93ea75f3749c1cd6eda4f2b563613.css?body=1&livereload=1542655235523" for ::1 at 2018-11-19 11:20:35 -0800
Started GET "/assets/application.self-b669685521e7bbb976dd44d1bb8734f919d93ea75f3749c1cd6eda4f2b563613.css?body=1&livereload=1542655282573" for ::1 at 2018-11-19 11:21:22 -0800
Started GET "/assets/application.self-b669685521e7bbb976dd44d1bb8734f919d93ea75f3749c1cd6eda4f2b563613.css?body=1&livereload=1542655282573&livereload=1542655282573" for ::1 at 2018-11-19 11:21:22 -0800
Started GET "/assets/application.self-b669685521e7bbb976dd44d1bb8734f919d93ea75f3749c1cd6eda4f2b563613.css?body=1&livereload=1542655326398&livereload=1542655282573" for ::1 at 2018-11-19 11:22:06 -0800
Started GET "/assets/application.self-b669685521e7bbb976dd44d1bb8734f919d93ea75f3749c1cd6eda4f2b563613.css?body=1&livereload=1542655326397&livereload=1542655282573" for ::1 at 2018-11-19 11:22:06 -0800
Started GET "/" for ::1 at 2018-11-19 11:24:38 -0800
Processing by StaticPagesController#index as HTML
  Rendering static_pages/index.html.erb within layouts/application
  Rendered shared/_main_nav.html.erb (0.4ms)
  Rendered shared/_masthead.html.erb (0.5ms)
  Rendered shared/_sections_nav.html.erb (0.4ms)
  Rendered shared/_search_modal.html.erb (0.2ms)
  Rendered shared/_main_content.html.erb (0.2ms)
  Rendered static_pages/index.html.erb within layouts/application (13.3ms)
Completed 200 OK in 160ms (Views: 117.4ms | ActiveRecord: 0.0ms)


Started GET "/assets/application.self-8c2a3d44cc9792bafd2607797784428669e94cdebc4871720dec783158790bf3.css?body=1" for ::1 at 2018-11-19 11:24:38 -0800
Started GET "/assets/application.self-8c2a3d44cc9792bafd2607797784428669e94cdebc4871720dec783158790bf3.css?body=1&livereload=1542655486411" for ::1 at 2018-11-19 11:24:46 -0800
Started GET "/assets/application.self-8c2a3d44cc9792bafd2607797784428669e94cdebc4871720dec783158790bf3.css?body=1&livereload=1542655486413" for ::1 at 2018-11-19 11:24:46 -0800
Started GET "/" for ::1 at 2018-11-19 11:24:48 -0800
Processing by StaticPagesController#index as HTML
  Rendering static_pages/index.html.erb within layouts/application
  Rendered shared/_main_nav.html.erb (0.4ms)
  Rendered shared/_masthead.html.erb (0.4ms)
  Rendered shared/_sections_nav.html.erb (0.5ms)
  Rendered shared/_search_modal.html.erb (0.3ms)
  Rendered shared/_main_content.html.erb (0.4ms)
  Rendered static_pages/index.html.erb within layouts/application (12.6ms)
Completed 200 OK in 124ms (Views: 122.8ms | ActiveRecord: 0.0ms)


Started GET "/assets/application.self-f3d9dba42a6a0a27edff345ab820782aeb27909af994b4308cf22cea1ff161d7.css?body=1" for ::1 at 2018-11-19 11:24:48 -0800
Started GET "/assets/application.self-f3d9dba42a6a0a27edff345ab820782aeb27909af994b4308cf22cea1ff161d7.css?body=1&livereload=1542655499850" for ::1 at 2018-11-19 11:24:59 -0800
Started GET "/assets/application.self-f3d9dba42a6a0a27edff345ab820782aeb27909af994b4308cf22cea1ff161d7.css?body=1&livereload=1542655499853" for ::1 at 2018-11-19 11:24:59 -0800
Started GET "/" for ::1 at 2018-11-19 11:25:01 -0800
Processing by StaticPagesController#index as HTML
  Rendering static_pages/index.html.erb within layouts/application
  Rendered shared/_main_nav.html.erb (0.5ms)
  Rendered shared/_masthead.html.erb (0.3ms)
  Rendered shared/_sections_nav.html.erb (0.3ms)
  Rendered shared/_search_modal.html.erb (0.5ms)
  Rendered shared/_main_content.html.erb (0.3ms)
  Rendered static_pages/index.html.erb within layouts/application (11.3ms)
Completed 200 OK in 39ms (Views: 36.6ms | ActiveRecord: 0.0ms)


Started GET "/assets/application.self-f88db1a1fe52864b31ee99dcfdc1f984b650914b925c3e559a8d4dcc5c717c80.css?body=1" for ::1 at 2018-11-19 11:25:01 -0800
Started GET "/assets/application.self-f88db1a1fe52864b31ee99dcfdc1f984b650914b925c3e559a8d4dcc5c717c80.css?body=1&livereload=1542655511748" for ::1 at 2018-11-19 11:25:11 -0800
Started GET "/assets/application.self-f88db1a1fe52864b31ee99dcfdc1f984b650914b925c3e559a8d4dcc5c717c80.css?body=1&livereload=1542655511749" for ::1 at 2018-11-19 11:25:11 -0800
Started GET "/" for ::1 at 2018-11-19 11:29:14 -0800
Processing by StaticPagesController#index as HTML
  Rendering static_pages/index.html.erb within layouts/application
  Rendered shared/_main_nav.html.erb (0.2ms)
  Rendered shared/_masthead.html.erb (0.4ms)
  Rendered shared/_sections_nav.html.erb (0.3ms)
  Rendered shared/_search_modal.html.erb (0.2ms)
  Rendered shared/_main_content.html.erb (0.2ms)
  Rendered static_pages/index.html.erb within layouts/application (9.3ms)
Completed 200 OK in 93ms (Views: 83.3ms | ActiveRecord: 0.0ms)


Started GET "/" for ::1 at 2018-11-19 11:30:13 -0800
Processing by StaticPagesController#index as HTML
  Rendering static_pages/index.html.erb within layouts/application
  Rendered shared/_main_nav.html.erb (0.3ms)
  Rendered shared/_masthead.html.erb (0.2ms)
  Rendered shared/_sections_nav.html.erb (0.4ms)
  Rendered shared/_search_modal.html.erb (0.3ms)
  Rendered shared/_main_content.html.erb (0.2ms)
  Rendered static_pages/index.html.erb within layouts/application (9.8ms)
Completed 200 OK in 32ms (Views: 29.8ms | ActiveRecord: 0.0ms)


Started GET "/" for ::1 at 2018-11-19 11:31:48 -0800
Processing by StaticPagesController#index as HTML
  Rendering static_pages/index.html.erb within layouts/application
  Rendered shared/_main_nav.html.erb (0.8ms)
  Rendered shared/_masthead.html.erb (0.6ms)
  Rendered shared/_sections_nav.html.erb (0.4ms)
  Rendered shared/_search_modal.html.erb (0.3ms)
  Rendered shared/_main_content.html.erb (0.2ms)
  Rendered static_pages/index.html.erb within layouts/application (13.1ms)
Completed 200 OK in 134ms (Views: 127.3ms | ActiveRecord: 0.0ms)


Started GET "/assets/application.self-f3d9dba42a6a0a27edff345ab820782aeb27909af994b4308cf22cea1ff161d7.css?body=1&livereload=1542656028819" for ::1 at 2018-11-19 11:33:48 -0800
Started GET "/assets/application.self-f3d9dba42a6a0a27edff345ab820782aeb27909af994b4308cf22cea1ff161d7.css?body=1&livereload=1542656028821" for ::1 at 2018-11-19 11:33:48 -0800
Started GET "/assets/application.self-f3d9dba42a6a0a27edff345ab820782aeb27909af994b4308cf22cea1ff161d7.css?body=1&livereload=1542656032135" for ::1 at 2018-11-19 11:33:52 -0800
Started GET "/assets/application.self-f3d9dba42a6a0a27edff345ab820782aeb27909af994b4308cf22cea1ff161d7.css?body=1&livereload=1542656032136" for ::1 at 2018-11-19 11:33:52 -0800
Started GET "/assets/application.self-f3d9dba42a6a0a27edff345ab820782aeb27909af994b4308cf22cea1ff161d7.css?body=1&livereload=1542656070182" for ::1 at 2018-11-19 11:34:30 -0800
Started GET "/assets/application.self-f3d9dba42a6a0a27edff345ab820782aeb27909af994b4308cf22cea1ff161d7.css?body=1&livereload=1542656070183" for ::1 at 2018-11-19 11:34:30 -0800
Started GET "/assets/application.self-f3d9dba42a6a0a27edff345ab820782aeb27909af994b4308cf22cea1ff161d7.css?body=1&livereload=1542656086841" for ::1 at 2018-11-19 11:34:46 -0800
Started GET "/assets/application.self-f3d9dba42a6a0a27edff345ab820782aeb27909af994b4308cf22cea1ff161d7.css?body=1&livereload=1542656086842" for ::1 at 2018-11-19 11:34:46 -0800
Started GET "/assets/application.self-f3d9dba42a6a0a27edff345ab820782aeb27909af994b4308cf22cea1ff161d7.css?body=1&livereload=1542656097895" for ::1 at 2018-11-19 11:34:57 -0800
Started GET "/assets/application.self-f3d9dba42a6a0a27edff345ab820782aeb27909af994b4308cf22cea1ff161d7.css?body=1&livereload=1542656097896" for ::1 at 2018-11-19 11:34:57 -0800
Started GET "/assets/application.self-f3d9dba42a6a0a27edff345ab820782aeb27909af994b4308cf22cea1ff161d7.css?body=1&livereload=1542656103756" for ::1 at 2018-11-19 11:35:03 -0800
Started GET "/assets/application.self-f3d9dba42a6a0a27edff345ab820782aeb27909af994b4308cf22cea1ff161d7.css?body=1&livereload=1542656103757" for ::1 at 2018-11-19 11:35:03 -0800
Started GET "/assets/application.self-f3d9dba42a6a0a27edff345ab820782aeb27909af994b4308cf22cea1ff161d7.css?body=1&livereload=1542656116790" for ::1 at 2018-11-19 11:35:16 -0800
Started GET "/assets/application.self-f3d9dba42a6a0a27edff345ab820782aeb27909af994b4308cf22cea1ff161d7.css?body=1&livereload=1542656116791" for ::1 at 2018-11-19 11:35:16 -0800
Started GET "/assets/application.self-f3d9dba42a6a0a27edff345ab820782aeb27909af994b4308cf22cea1ff161d7.css?body=1&livereload=1542656163592" for ::1 at 2018-11-19 11:36:03 -0800
Started GET "/assets/application.self-f3d9dba42a6a0a27edff345ab820782aeb27909af994b4308cf22cea1ff161d7.css?body=1&livereload=1542656163595" for ::1 at 2018-11-19 11:36:03 -0800
Started GET "/assets/application.self-f3d9dba42a6a0a27edff345ab820782aeb27909af994b4308cf22cea1ff161d7.css?body=1&livereload=1542656177187" for ::1 at 2018-11-19 11:36:17 -0800
Started GET "/assets/application.self-f3d9dba42a6a0a27edff345ab820782aeb27909af994b4308cf22cea1ff161d7.css?body=1&livereload=1542656177188" for ::1 at 2018-11-19 11:36:17 -0800
Started GET "/assets/application.self-f3d9dba42a6a0a27edff345ab820782aeb27909af994b4308cf22cea1ff161d7.css?body=1&livereload=1542656230181" for ::1 at 2018-11-19 11:37:10 -0800
Started GET "/assets/application.self-f3d9dba42a6a0a27edff345ab820782aeb27909af994b4308cf22cea1ff161d7.css?body=1&livereload=1542656230183" for ::1 at 2018-11-19 11:37:10 -0800
Started GET "/assets/application.self-f3d9dba42a6a0a27edff345ab820782aeb27909af994b4308cf22cea1ff161d7.css?body=1&livereload=1542656262917" for ::1 at 2018-11-19 11:37:42 -0800
Started GET "/assets/application.self-f3d9dba42a6a0a27edff345ab820782aeb27909af994b4308cf22cea1ff161d7.css?body=1&livereload=1542656262919" for ::1 at 2018-11-19 11:37:42 -0800
Started GET "/assets/application.self-f3d9dba42a6a0a27edff345ab820782aeb27909af994b4308cf22cea1ff161d7.css?body=1&livereload=1542656274459" for ::1 at 2018-11-19 11:37:54 -0800
Started GET "/assets/application.self-f3d9dba42a6a0a27edff345ab820782aeb27909af994b4308cf22cea1ff161d7.css?body=1&livereload=1542656274460" for ::1 at 2018-11-19 11:37:54 -0800
Started GET "/assets/application.self-f3d9dba42a6a0a27edff345ab820782aeb27909af994b4308cf22cea1ff161d7.css?body=1&livereload=1542656293761" for ::1 at 2018-11-19 11:38:13 -0800
Started GET "/assets/application.self-f3d9dba42a6a0a27edff345ab820782aeb27909af994b4308cf22cea1ff161d7.css?body=1&livereload=1542656293762" for ::1 at 2018-11-19 11:38:13 -0800
Started GET "/" for ::1 at 2018-11-19 11:38:34 -0800
Processing by StaticPagesController#index as HTML
  Rendering static_pages/index.html.erb within layouts/application
  Rendered shared/_main_nav.html.erb (0.3ms)
  Rendered shared/_masthead.html.erb (0.2ms)
  Rendered shared/_sections_nav.html.erb (0.4ms)
  Rendered shared/_search_modal.html.erb (0.6ms)
  Rendered shared/_main_content.html.erb (0.9ms)
  Rendered static_pages/index.html.erb within layouts/application (13.2ms)
Completed 200 OK in 175ms (Views: 117.2ms | ActiveRecord: 0.0ms)


Started GET "/assets/application.self-a40282923e397f490082f81f2d296c5d907e722c5c301420d991b026d2cf724c.css?body=1" for ::1 at 2018-11-19 11:38:34 -0800
Started GET "/assets/application.self-a40282923e397f490082f81f2d296c5d907e722c5c301420d991b026d2cf724c.css?body=1&livereload=1542656348124" for ::1 at 2018-11-19 11:39:08 -0800
Started GET "/assets/application.self-a40282923e397f490082f81f2d296c5d907e722c5c301420d991b026d2cf724c.css?body=1&livereload=1542656348125" for ::1 at 2018-11-19 11:39:08 -0800
Started GET "/assets/application.self-a40282923e397f490082f81f2d296c5d907e722c5c301420d991b026d2cf724c.css?body=1&livereload=1542656416316" for ::1 at 2018-11-19 11:40:16 -0800
Started GET "/assets/application.self-a40282923e397f490082f81f2d296c5d907e722c5c301420d991b026d2cf724c.css?body=1&livereload=1542656416316&livereload=1542656416316" for ::1 at 2018-11-19 11:40:16 -0800
Started GET "/" for ::1 at 2018-11-19 11:40:18 -0800
Processing by StaticPagesController#index as HTML
  Rendering static_pages/index.html.erb within layouts/application
  Rendered shared/_main_nav.html.erb (0.4ms)
  Rendered shared/_masthead.html.erb (0.3ms)
  Rendered shared/_sections_nav.html.erb (0.3ms)
  Rendered shared/_search_modal.html.erb (0.8ms)
  Rendered shared/_main_content.html.erb (1.0ms)
  Rendered static_pages/index.html.erb within layouts/application (14.4ms)
Completed 200 OK in 48ms (Views: 46.1ms | ActiveRecord: 0.0ms)


Started GET "/assets/application.self-396a282df775fe6c19e5c09b693f3e7da70f63f23dbfde4591a1857710544544.css?body=1" for ::1 at 2018-11-19 11:40:18 -0800
Started GET "/" for ::1 at 2018-11-19 11:40:18 -0800
Processing by StaticPagesController#index as HTML
  Rendering static_pages/index.html.erb within layouts/application
  Rendered shared/_main_nav.html.erb (0.4ms)
  Rendered shared/_masthead.html.erb (0.2ms)
  Rendered shared/_sections_nav.html.erb (0.4ms)
  Rendered shared/_search_modal.html.erb (0.3ms)
  Rendered shared/_main_content.html.erb (0.3ms)
  Rendered static_pages/index.html.erb within layouts/application (10.8ms)
Completed 200 OK in 34ms (Views: 32.8ms | ActiveRecord: 0.0ms)


Started GET "/assets/application.self-396a282df775fe6c19e5c09b693f3e7da70f63f23dbfde4591a1857710544544.css?body=1&livereload=1542656483820" for ::1 at 2018-11-19 11:41:23 -0800
Started GET "/assets/application.self-396a282df775fe6c19e5c09b693f3e7da70f63f23dbfde4591a1857710544544.css?body=1&livereload=1542656483821" for ::1 at 2018-11-19 11:41:23 -0800
Started GET "/assets/application.self-396a282df775fe6c19e5c09b693f3e7da70f63f23dbfde4591a1857710544544.css?body=1&livereload=1542656493087" for ::1 at 2018-11-19 11:41:33 -0800
Started GET "/assets/application.self-396a282df775fe6c19e5c09b693f3e7da70f63f23dbfde4591a1857710544544.css?body=1&livereload=1542656493088" for ::1 at 2018-11-19 11:41:33 -0800
Started GET "/" for ::1 at 2018-11-19 11:41:40 -0800
Processing by StaticPagesController#index as HTML
  Rendering static_pages/index.html.erb within layouts/application
  Rendered shared/_main_nav.html.erb (0.4ms)
  Rendered shared/_masthead.html.erb (0.5ms)
  Rendered shared/_sections_nav.html.erb (0.5ms)
  Rendered shared/_search_modal.html.erb (0.6ms)
  Rendered shared/_main_content.html.erb (0.3ms)
  Rendered static_pages/index.html.erb within layouts/application (13.7ms)
Completed 200 OK in 36ms (Views: 35.0ms | ActiveRecord: 0.0ms)


Started GET "/assets/application.self-0299a8502058e04f1f93bc3aefccc9eb0b7cc1e2ce587eef369647ab062d0861.css?body=1" for ::1 at 2018-11-19 11:41:40 -0800
Started GET "/assets/application.self-0299a8502058e04f1f93bc3aefccc9eb0b7cc1e2ce587eef369647ab062d0861.css?body=1&livereload=1542656568832" for ::1 at 2018-11-19 11:42:48 -0800
Started GET "/assets/application.self-0299a8502058e04f1f93bc3aefccc9eb0b7cc1e2ce587eef369647ab062d0861.css?body=1&livereload=1542656568832&livereload=1542656568832" for ::1 at 2018-11-19 11:42:48 -0800
Started GET "/assets/application.self-0299a8502058e04f1f93bc3aefccc9eb0b7cc1e2ce587eef369647ab062d0861.css?body=1&livereload=1542656579682&livereload=1542656568832" for ::1 at 2018-11-19 11:42:59 -0800
Started GET "/assets/application.self-0299a8502058e04f1f93bc3aefccc9eb0b7cc1e2ce587eef369647ab062d0861.css?body=1&livereload=1542656579685&livereload=1542656568832" for ::1 at 2018-11-19 11:42:59 -0800
Started GET "/" for ::1 at 2018-11-19 11:43:02 -0800
Processing by StaticPagesController#index as HTML
  Rendering static_pages/index.html.erb within layouts/application
  Rendered shared/_main_nav.html.erb (0.3ms)
  Rendered shared/_masthead.html.erb (0.3ms)
  Rendered shared/_sections_nav.html.erb (0.8ms)
  Rendered shared/_search_modal.html.erb (0.3ms)
  Rendered shared/_main_content.html.erb (0.2ms)
  Rendered static_pages/index.html.erb within layouts/application (9.8ms)
Completed 200 OK in 38ms (Views: 36.3ms | ActiveRecord: 0.0ms)


Started GET "/assets/application.self-0556ac0632529ca169bacd70c28d14fdabb917c82b2f461b08f009ef15f79e53.css?body=1" for ::1 at 2018-11-19 11:43:02 -0800
Started GET "/assets/application.self-0556ac0632529ca169bacd70c28d14fdabb917c82b2f461b08f009ef15f79e53.css?body=1&livereload=1542656606033" for ::1 at 2018-11-19 11:43:26 -0800
Started GET "/assets/application.self-0556ac0632529ca169bacd70c28d14fdabb917c82b2f461b08f009ef15f79e53.css?body=1&livereload=1542656606035" for ::1 at 2018-11-19 11:43:26 -0800
Started GET "/assets/application.self-0556ac0632529ca169bacd70c28d14fdabb917c82b2f461b08f009ef15f79e53.css?body=1&livereload=1542656619646" for ::1 at 2018-11-19 11:43:39 -0800
Started GET "/assets/application.self-0556ac0632529ca169bacd70c28d14fdabb917c82b2f461b08f009ef15f79e53.css?body=1&livereload=1542656619648" for ::1 at 2018-11-19 11:43:39 -0800
Started GET "/assets/application.self-0556ac0632529ca169bacd70c28d14fdabb917c82b2f461b08f009ef15f79e53.css?body=1&livereload=1542656627626" for ::1 at 2018-11-19 11:43:47 -0800
Started GET "/assets/application.self-0556ac0632529ca169bacd70c28d14fdabb917c82b2f461b08f009ef15f79e53.css?body=1&livereload=1542656627627" for ::1 at 2018-11-19 11:43:47 -0800
Started GET "/assets/application.self-0556ac0632529ca169bacd70c28d14fdabb917c82b2f461b08f009ef15f79e53.css?body=1&livereload=1542656634143" for ::1 at 2018-11-19 11:43:54 -0800
Started GET "/assets/application.self-0556ac0632529ca169bacd70c28d14fdabb917c82b2f461b08f009ef15f79e53.css?body=1&livereload=1542656634144" for ::1 at 2018-11-19 11:43:54 -0800
Started GET "/assets/application.self-0556ac0632529ca169bacd70c28d14fdabb917c82b2f461b08f009ef15f79e53.css?body=1&livereload=1542656642210" for ::1 at 2018-11-19 11:44:02 -0800
Started GET "/assets/application.self-0556ac0632529ca169bacd70c28d14fdabb917c82b2f461b08f009ef15f79e53.css?body=1&livereload=1542656642211" for ::1 at 2018-11-19 11:44:02 -0800
Started GET "/assets/application.self-0556ac0632529ca169bacd70c28d14fdabb917c82b2f461b08f009ef15f79e53.css?body=1&livereload=1542656673769" for ::1 at 2018-11-19 11:44:33 -0800
Started GET "/assets/application.self-0556ac0632529ca169bacd70c28d14fdabb917c82b2f461b08f009ef15f79e53.css?body=1&livereload=1542656673770" for ::1 at 2018-11-19 11:44:33 -0800
Started GET "/assets/application.self-0556ac0632529ca169bacd70c28d14fdabb917c82b2f461b08f009ef15f79e53.css?body=1&livereload=1542656680945" for ::1 at 2018-11-19 11:44:40 -0800
Started GET "/assets/application.self-0556ac0632529ca169bacd70c28d14fdabb917c82b2f461b08f009ef15f79e53.css?body=1&livereload=1542656680946" for ::1 at 2018-11-19 11:44:40 -0800
Started GET "/assets/application.self-0556ac0632529ca169bacd70c28d14fdabb917c82b2f461b08f009ef15f79e53.css?body=1&livereload=1542656710630" for ::1 at 2018-11-19 11:45:10 -0800
Started GET "/assets/application.self-0556ac0632529ca169bacd70c28d14fdabb917c82b2f461b08f009ef15f79e53.css?body=1&livereload=1542656710631" for ::1 at 2018-11-19 11:45:10 -0800
Started GET "/assets/application.self-0556ac0632529ca169bacd70c28d14fdabb917c82b2f461b08f009ef15f79e53.css?body=1&livereload=1542656825085" for ::1 at 2018-11-19 11:47:05 -0800
Started GET "/assets/application.self-0556ac0632529ca169bacd70c28d14fdabb917c82b2f461b08f009ef15f79e53.css?body=1&livereload=1542656825086" for ::1 at 2018-11-19 11:47:05 -0800
Started GET "/assets/application.self-0556ac0632529ca169bacd70c28d14fdabb917c82b2f461b08f009ef15f79e53.css?body=1&livereload=1542656882955&livereload=1542656882955" for ::1 at 2018-11-19 11:48:02 -0800
Started GET "/assets/application.self-0556ac0632529ca169bacd70c28d14fdabb917c82b2f461b08f009ef15f79e53.css?body=1&livereload=1542656882955" for ::1 at 2018-11-19 11:48:02 -0800
Started GET "/" for ::1 at 2018-11-19 11:48:05 -0800
Processing by StaticPagesController#index as HTML
  Rendering static_pages/index.html.erb within layouts/application
  Rendered shared/_main_nav.html.erb (0.2ms)
  Rendered shared/_masthead.html.erb (0.3ms)
  Rendered shared/_sections_nav.html.erb (1.1ms)
  Rendered shared/_search_modal.html.erb (0.3ms)
  Rendered shared/_main_content.html.erb (0.6ms)
  Rendered static_pages/index.html.erb within layouts/application (10.9ms)
Completed 200 OK in 42ms (Views: 40.0ms | ActiveRecord: 0.0ms)


Started GET "/assets/application.self-fe6e2d520a304b2fbfb5eed04e4fd6e2ea11a2623e20ad70bc96adab6ef88513.css?body=1" for ::1 at 2018-11-19 11:48:05 -0800
Started GET "/" for ::1 at 2018-11-19 11:48:06 -0800
Processing by StaticPagesController#index as HTML
  Rendering static_pages/index.html.erb within layouts/application
  Rendered shared/_main_nav.html.erb (0.4ms)
  Rendered shared/_masthead.html.erb (0.4ms)
  Rendered shared/_sections_nav.html.erb (0.3ms)
  Rendered shared/_search_modal.html.erb (0.3ms)
  Rendered shared/_main_content.html.erb (0.7ms)
  Rendered static_pages/index.html.erb within layouts/application (11.2ms)
Completed 200 OK in 31ms (Views: 29.0ms | ActiveRecord: 0.0ms)


Started GET "/assets/application.self-fe6e2d520a304b2fbfb5eed04e4fd6e2ea11a2623e20ad70bc96adab6ef88513.css?body=1&livereload=1542656897306" for ::1 at 2018-11-19 11:48:17 -0800
Started GET "/assets/application.self-fe6e2d520a304b2fbfb5eed04e4fd6e2ea11a2623e20ad70bc96adab6ef88513.css?body=1&livereload=1542656897308" for ::1 at 2018-11-19 11:48:17 -0800
Started GET "/assets/application.self-fe6e2d520a304b2fbfb5eed04e4fd6e2ea11a2623e20ad70bc96adab6ef88513.css?body=1&livereload=1542657004018" for ::1 at 2018-11-19 11:50:04 -0800
Started GET "/assets/application.self-fe6e2d520a304b2fbfb5eed04e4fd6e2ea11a2623e20ad70bc96adab6ef88513.css?body=1&livereload=1542657004019" for ::1 at 2018-11-19 11:50:04 -0800
Started GET "/assets/application.self-fe6e2d520a304b2fbfb5eed04e4fd6e2ea11a2623e20ad70bc96adab6ef88513.css?body=1&livereload=1542657008527" for ::1 at 2018-11-19 11:50:08 -0800
Started GET "/assets/application.self-fe6e2d520a304b2fbfb5eed04e4fd6e2ea11a2623e20ad70bc96adab6ef88513.css?body=1&livereload=1542657008528" for ::1 at 2018-11-19 11:50:08 -0800
Started GET "/assets/application.self-fe6e2d520a304b2fbfb5eed04e4fd6e2ea11a2623e20ad70bc96adab6ef88513.css?body=1&livereload=1542657051972" for ::1 at 2018-11-19 11:50:51 -0800
Started GET "/assets/application.self-fe6e2d520a304b2fbfb5eed04e4fd6e2ea11a2623e20ad70bc96adab6ef88513.css?body=1&livereload=1542657051973" for ::1 at 2018-11-19 11:50:51 -0800
Started GET "/assets/application.self-fe6e2d520a304b2fbfb5eed04e4fd6e2ea11a2623e20ad70bc96adab6ef88513.css?body=1&livereload=1542657071021" for ::1 at 2018-11-19 11:51:11 -0800
Started GET "/assets/application.self-fe6e2d520a304b2fbfb5eed04e4fd6e2ea11a2623e20ad70bc96adab6ef88513.css?body=1&livereload=1542657071022" for ::1 at 2018-11-19 11:51:11 -0800
Started GET "/assets/application.self-fe6e2d520a304b2fbfb5eed04e4fd6e2ea11a2623e20ad70bc96adab6ef88513.css?body=1&livereload=1542657080314" for ::1 at 2018-11-19 11:51:20 -0800
Started GET "/assets/application.self-fe6e2d520a304b2fbfb5eed04e4fd6e2ea11a2623e20ad70bc96adab6ef88513.css?body=1&livereload=1542657080315" for ::1 at 2018-11-19 11:51:20 -0800
Started GET "/assets/application.self-fe6e2d520a304b2fbfb5eed04e4fd6e2ea11a2623e20ad70bc96adab6ef88513.css?body=1&livereload=1542657148091" for ::1 at 2018-11-19 11:52:28 -0800
Started GET "/assets/application.self-fe6e2d520a304b2fbfb5eed04e4fd6e2ea11a2623e20ad70bc96adab6ef88513.css?body=1&livereload=1542657148093" for ::1 at 2018-11-19 11:52:28 -0800
Started GET "/assets/application.self-fe6e2d520a304b2fbfb5eed04e4fd6e2ea11a2623e20ad70bc96adab6ef88513.css?body=1&livereload=1542657171002" for ::1 at 2018-11-19 11:52:51 -0800
Started GET "/assets/application.self-fe6e2d520a304b2fbfb5eed04e4fd6e2ea11a2623e20ad70bc96adab6ef88513.css?body=1&livereload=1542657171003" for ::1 at 2018-11-19 11:52:51 -0800
Started GET "/assets/application.self-fe6e2d520a304b2fbfb5eed04e4fd6e2ea11a2623e20ad70bc96adab6ef88513.css?body=1&livereload=1542657178949" for ::1 at 2018-11-19 11:52:58 -0800
Started GET "/assets/application.self-fe6e2d520a304b2fbfb5eed04e4fd6e2ea11a2623e20ad70bc96adab6ef88513.css?body=1&livereload=1542657178950" for ::1 at 2018-11-19 11:52:58 -0800
Started GET "/assets/application.self-fe6e2d520a304b2fbfb5eed04e4fd6e2ea11a2623e20ad70bc96adab6ef88513.css?body=1&livereload=1542657212212" for ::1 at 2018-11-19 11:53:32 -0800
Started GET "/assets/application.self-fe6e2d520a304b2fbfb5eed04e4fd6e2ea11a2623e20ad70bc96adab6ef88513.css?body=1&livereload=1542657212211" for ::1 at 2018-11-19 11:53:32 -0800
Started GET "/assets/application.self-fe6e2d520a304b2fbfb5eed04e4fd6e2ea11a2623e20ad70bc96adab6ef88513.css?body=1&livereload=1542657225868" for ::1 at 2018-11-19 11:53:45 -0800
Started GET "/assets/application.self-fe6e2d520a304b2fbfb5eed04e4fd6e2ea11a2623e20ad70bc96adab6ef88513.css?body=1&livereload=1542657225869" for ::1 at 2018-11-19 11:53:45 -0800
Started GET "/assets/application.self-fe6e2d520a304b2fbfb5eed04e4fd6e2ea11a2623e20ad70bc96adab6ef88513.css?body=1&livereload=1542657309318" for ::1 at 2018-11-19 11:55:09 -0800
Started GET "/assets/application.self-fe6e2d520a304b2fbfb5eed04e4fd6e2ea11a2623e20ad70bc96adab6ef88513.css?body=1&livereload=1542657309319" for ::1 at 2018-11-19 11:55:09 -0800
Started GET "/assets/application.self-fe6e2d520a304b2fbfb5eed04e4fd6e2ea11a2623e20ad70bc96adab6ef88513.css?body=1&livereload=1542657349511" for ::1 at 2018-11-19 11:55:49 -0800
Started GET "/assets/application.self-fe6e2d520a304b2fbfb5eed04e4fd6e2ea11a2623e20ad70bc96adab6ef88513.css?body=1&livereload=1542657349510" for ::1 at 2018-11-19 11:55:49 -0800
Started GET "/assets/application.self-fe6e2d520a304b2fbfb5eed04e4fd6e2ea11a2623e20ad70bc96adab6ef88513.css?body=1&livereload=1542657402369" for ::1 at 2018-11-19 11:56:42 -0800
Started GET "/assets/application.self-fe6e2d520a304b2fbfb5eed04e4fd6e2ea11a2623e20ad70bc96adab6ef88513.css?body=1&livereload=1542657402370" for ::1 at 2018-11-19 11:56:42 -0800
Started GET "/assets/application.self-fe6e2d520a304b2fbfb5eed04e4fd6e2ea11a2623e20ad70bc96adab6ef88513.css?body=1&livereload=1542657409612" for ::1 at 2018-11-19 11:56:49 -0800
Started GET "/assets/application.self-fe6e2d520a304b2fbfb5eed04e4fd6e2ea11a2623e20ad70bc96adab6ef88513.css?body=1&livereload=1542657409614" for ::1 at 2018-11-19 11:56:49 -0800
